<?xml version="1.0" encoding="UTF-8"?>
<!-- Generated by org.testng.reporters.JUnitReportReporter -->
<testsuite hostname="Suaads-MacBook-Pro.local" failures="0" tests="1" name="FirstClass$ScrolDwon" time="24.226" errors="0" timestamp="2020-03-06T12:42:03 AST" skipped="0">
  <testcase classname="FirstClass$ScrolDwon" name="start" time="24.226"/>
</testsuite> <!-- FirstClass$ScrolDwon -->
